<?xml version="1.0" encoding="UTF-8"?>
<testng-results ignored="0" total="1" passed="1" failed="0" skipped="0">
  <reporter-output>
  </reporter-output>
  <suite started-at="2024-10-22T20:24:24 EET" name="Default suite" finished-at="2024-10-22T20:24:42 EET" duration-ms="18513">
    <groups>
    </groups>
    <test started-at="2024-10-22T20:24:24 EET" name="Default test" finished-at="2024-10-22T20:24:42 EET" duration-ms="18513">
      <class name="fivrstproject.MyTestcases">
        <test-method is-config="true" signature="mySetup()[pri:0, instance:fivrstproject.MyTestcases@3a3e78f]" started-at="2024-10-22T20:24:24 EET" name="mySetup" finished-at="2024-10-22T20:24:29 EET" duration-ms="5787" status="PASS">
          <reporter-output>
          </reporter-output>
        </test-method> <!-- mySetup -->
        <test-method signature="signUp()[pri:1, instance:fivrstproject.MyTestcases@3a3e78f]" started-at="2024-10-22T20:24:30 EET" name="signUp" finished-at="2024-10-22T20:24:42 EET" duration-ms="12684" status="PASS">
          <reporter-output>
          </reporter-output>
        </test-method> <!-- signUp -->
      </class> <!-- fivrstproject.MyTestcases -->
    </test> <!-- Default test -->
  </suite> <!-- Default suite -->
</testng-results>
